\BOOKMARK [1][-]{section.1}{\376\377\000I\000n\000t\000r\000o\000d\000u\000c\000t\000i\000o\000n}{}% 1
\BOOKMARK [1][-]{section.2}{\376\377\000U\000s\000i\000n\000g\000\040\000a\000n\000d\000\040\000i\000n\000s\000t\000a\000l\000l\000i\000n\000g\000\040\000L\000a\000T\000e\000X\000\040\040\024\000\040\000o\000n\000l\000i\000n\000e\000\040\000a\000n\000d\000\040\000d\000e\000s\000k\000t\000o\000p\000\040\000e\000n\000v\000i\000r\000o\000n\000m\000e\000n\000t\000s}{}% 2
\BOOKMARK [1][-]{section.3}{\376\377\000T\000h\000e\000s\000i\000s\000\040\000E\000x\000a\000m\000p\000l\000e}{}% 3
\BOOKMARK [1][-]{section.4}{\376\377\000D\000o\000c\000u\000m\000e\000n\000t\000c\000l\000a\000s\000s\000\040\000O\000p\000t\000i\000o\000n\000s}{}% 4
\BOOKMARK [2][-]{subsection.4.1}{\376\377\000D\000i\000s\000q\000u\000i\000s\000i\000t\000i\000o\000n\000\040\000d\000e\000g\000r\000e\000e\000\040\000a\000n\000d\000\040\000t\000y\000p\000e}{section.4}% 5
\BOOKMARK [2][-]{subsection.4.2}{\376\377\000F\000o\000n\000t\000\040\000s\000i\000z\000e}{section.4}% 6
\BOOKMARK [2][-]{subsection.4.3}{\376\377\000A\000u\000t\000o\000-\000n\000u\000m\000b\000e\000r\000e\000d\000,\000\040\000c\000h\000a\000p\000t\000e\000r\000-\000n\000u\000m\000b\000e\000r\000e\000d\000,\000\040\000a\000n\000d\000\040\000u\000n\000n\000u\000m\000b\000e\000r\000e\000d\000\040\000s\000t\000y\000l\000e\000s}{section.4}% 7
\BOOKMARK [2][-]{subsection.4.4}{\376\377\000P\000a\000r\000a\000g\000r\000a\000p\000h\000\040\000t\000e\000x\000t\000\040\000j\000u\000s\000t\000i\000f\000i\000c\000a\000t\000i\000o\000n}{section.4}% 8
\BOOKMARK [2][-]{subsection.4.5}{\376\377\000D\000r\000a\000f\000t\000\040\000a\000n\000d\000\040\000d\000i\000s\000p\000l\000a\000y\000\040\000d\000o\000c\000u\000m\000e\000n\000t\000\040\000f\000r\000a\000m\000e\000s}{section.4}% 9
\BOOKMARK [2][-]{subsection.4.6}{\376\377\000F\000o\000n\000t\000s}{section.4}% 10
\BOOKMARK [2][-]{subsection.4.7}{\376\377\000I\000n\000d\000i\000v\000i\000d\000u\000a\000l\000\040\000o\000r\000\040\000c\000o\000m\000b\000i\000n\000e\000\040\000r\000e\000f\000e\000r\000e\000n\000c\000e\000\040\000l\000i\000s\000t\000i\000n\000g}{section.4}% 11
\BOOKMARK [1][-]{section.5}{\376\377\000P\000r\000e\000a\000m\000b\000l\000e\000\040\000I\000n\000f\000o\000r\000m\000a\000t\000i\000o\000n}{}% 12
\BOOKMARK [2][-]{subsection.5.1}{\376\377\000G\000e\000n\000e\000r\000a\000l\000\040\000i\000n\000f\000o\000r\000m\000a\000t\000i\000o\000n\000\040\000-\000\040\000p\000a\000c\000k\000a\000g\000e\000s\000\040\000a\000n\000d\000\040\000s\000h\000o\000r\000t\000c\000u\000t\000s}{section.5}% 13
\BOOKMARK [2][-]{subsection.5.2}{\376\377\000D\000i\000s\000s\000e\000r\000t\000a\000t\000i\000o\000n\000\040\000f\000r\000o\000n\000t\000\040\000p\000a\000g\000e\000s}{section.5}% 14
\BOOKMARK [3][-]{subsubsection.5.2.1}{\376\377\000T\000i\000t\000l\000e}{subsection.5.2}% 15
\BOOKMARK [3][-]{subsubsection.5.2.2}{\376\377\000A\000u\000t\000h\000o\000r}{subsection.5.2}% 16
\BOOKMARK [3][-]{subsubsection.5.2.3}{\376\377\000M\000a\000j\000o\000r\000\040\000d\000e\000p\000a\000r\000t\000m\000e\000n\000t\000/\000p\000r\000o\000g\000r\000a\000m\000\040\000c\000h\000o\000i\000c\000e}{subsection.5.2}% 17
\BOOKMARK [3][-]{subsubsection.5.2.4}{\376\377\000D\000e\000p\000a\000r\000t\000m\000e\000n\000t\000\040\000o\000r\000\040\000p\000r\000o\000g\000r\000a\000m}{subsection.5.2}% 18
\BOOKMARK [3][-]{subsubsection.5.2.5}{\376\377\000D\000e\000g\000r\000e\000e\000\040\000o\000p\000t\000i\000o\000n}{subsection.5.2}% 19
\BOOKMARK [3][-]{subsubsection.5.2.6}{\376\377\000D\000a\000t\000e}{subsection.5.2}% 20
\BOOKMARK [3][-]{subsubsection.5.2.7}{\376\377\000E\000x\000a\000m\000i\000n\000i\000n\000g\000\040\000c\000o\000m\000m\000i\000t\000t\000e\000e}{subsection.5.2}% 21
\BOOKMARK [3][-]{subsubsection.5.2.8}{\376\377\000A\000p\000p\000r\000o\000v\000a\000l\000\040\000i\000n\000f\000o\000r\000m\000a\000t\000i\000o\000n}{subsection.5.2}% 22
\BOOKMARK [2][-]{subsection.5.3}{\376\377\000D\000i\000s\000s\000e\000r\000t\000a\000t\000i\000o\000n\000\040\000f\000r\000o\000n\000t\000\040\000m\000a\000t\000t\000e\000r}{section.5}% 23
\BOOKMARK [3][-]{subsubsection.5.3.1}{\376\377\000A\000b\000s\000t\000r\000a\000c\000t}{subsection.5.3}% 24
\BOOKMARK [3][-]{subsubsection.5.3.2}{\376\377\000A\000c\000k\000n\000o\000w\000l\000e\000d\000g\000e\000m\000e\000n\000t\000s}{subsection.5.3}% 25
\BOOKMARK [3][-]{subsubsection.5.3.3}{\376\377\000D\000e\000d\000i\000c\000a\000t\000i\000o\000n}{subsection.5.3}% 26
\BOOKMARK [3][-]{subsubsection.5.3.4}{\376\377\000P\000r\000e\000f\000a\000c\000e}{subsection.5.3}% 27
\BOOKMARK [1][-]{section.6}{\376\377\000A\000u\000t\000o\000m\000a\000t\000i\000c\000\040\000C\000o\000m\000p\000o\000n\000e\000n\000t\000s}{}% 28
\BOOKMARK [2][-]{subsection.6.1}{\376\377\000T\000a\000b\000l\000e\000\040\000o\000f\000\040\000c\000o\000n\000t\000e\000n\000t\000s}{section.6}% 29
\BOOKMARK [2][-]{subsection.6.2}{\376\377\000L\000i\000s\000t\000\040\000o\000f\000\040\000t\000a\000b\000l\000e\000s\000\040\000a\000n\000d\000\040\000f\000i\000g\000u\000r\000e\000s}{section.6}% 30
\BOOKMARK [2][-]{subsection.6.3}{\376\377\000L\000i\000s\000t\000\040\000o\000f\000\040\000a\000b\000b\000r\000e\000v\000i\000a\000t\000i\000o\000n\000s}{section.6}% 31
\BOOKMARK [2][-]{subsection.6.4}{\376\377\000L\000i\000s\000t\000\040\000o\000f\000\040\000s\000y\000m\000b\000o\000l\000s}{section.6}% 32
\BOOKMARK [2][-]{subsection.6.5}{\376\377\000L\000i\000s\000t\000\040\000o\000f\000\040\000a\000p\000p\000e\000n\000d\000i\000x\000\040\000t\000a\000b\000l\000e\000s\000\040\000a\000n\000d\000\040\000f\000i\000g\000u\000r\000e\000s}{section.6}% 33
\BOOKMARK [1][-]{section.7}{\376\377\000B\000e\000g\000i\000n\000n\000i\000n\000g\000\040\000t\000h\000e\000\040\000D\000o\000c\000u\000m\000e\000n\000t}{}% 34
\BOOKMARK [1][-]{section.8}{\376\377\000H\000e\000a\000d\000i\000n\000g\000s}{}% 35
\BOOKMARK [1][-]{section.9}{\376\377\000D\000u\000m\000m\000y\000\040\000T\000e\000x\000t\000\040\000a\000n\000d\000\040\000I\000m\000a\000g\000e\000s}{}% 36
\BOOKMARK [1][-]{section.10}{\376\377\000T\000a\000b\000l\000e\000s\000\040\000a\000n\000d\000\040\000F\000i\000g\000u\000r\000e\000s}{}% 37
\BOOKMARK [2][-]{subsection.10.1}{\376\377\000T\000a\000b\000l\000e\000s}{section.10}% 38
\BOOKMARK [3][-]{subsubsection.10.1.1}{\376\377\000F\000u\000l\000l\000-\000w\000i\000d\000t\000h\000\040\000t\000a\000b\000l\000e\000s\000\040\040\024\000\040\000t\000b\000l\000r\000\040\000e\000n\000v\000i\000r\000o\000n\000m\000e\000n\000t\000\040\000f\000r\000o\000m\000\040\000t\000a\000b\000u\000l\000a\000r\000r\000a\000y\000\040\000p\000a\000c\000k\000a\000g\000e}{subsection.10.1}% 39
\BOOKMARK [3][-]{subsubsection.10.1.2}{\376\377\000F\000u\000l\000l\000-\000w\000i\000d\000t\000h\000\040\000t\000a\000b\000l\000e\000s\000\040\040\024\000\040\000m\000a\000n\000u\000a\000l\000\040\000m\000e\000t\000h\000o\000d}{subsection.10.1}% 40
\BOOKMARK [2][-]{subsection.10.2}{\376\377\000F\000i\000g\000u\000r\000e\000s}{section.10}% 41
\BOOKMARK [3][-]{subsubsection.10.2.1}{\376\377\000S\000h\000o\000r\000t\000c\000u\000t\000s\000\040\000f\000o\000r\000\040\000f\000i\000g\000u\000r\000e\000s\000\040\040\024\000\040\000d\000i\000r\000e\000c\000t\000\040\000a\000n\000d\000\040\000o\000p\000t\000i\000o\000n\000a\000l}{subsection.10.2}% 42
\BOOKMARK [2][-]{subsection.10.3}{\376\377\000C\000a\000p\000t\000i\000o\000n\000s}{section.10}% 43
\BOOKMARK [1][-]{section.11}{\376\377\000E\000q\000u\000a\000t\000i\000o\000n\000s}{}% 44
\BOOKMARK [1][-]{section.12}{\376\377\000R\000e\000f\000e\000r\000e\000n\000c\000e\000s\000/\000B\000i\000b\000l\000i\000o\000g\000r\000a\000p\000h\000y}{}% 45
\BOOKMARK [2][-]{subsection.12.1}{\376\377\000U\000s\000i\000n\000g\000\040\000B\000i\000b\000T\000e\000X}{section.12}% 46
\BOOKMARK [3][-]{subsubsection.12.1.1}{\376\377\000C\000i\000t\000e\000\040\000w\000h\000i\000l\000e\000\040\000y\000o\000u\000\040\000w\000r\000i\000t\000e\000\040\000\050\000C\000W\000Y\000W\000\051\000\040\000u\000s\000i\000n\000g\000\040\000n\000a\000t\000b\000i\000b}{subsection.12.1}% 47
\BOOKMARK [3][-]{subsubsection.12.1.2}{\376\377\000B\000i\000b\000l\000i\000o\000g\000r\000a\000p\000h\000y\000\040\000g\000e\000n\000e\000r\000a\000t\000i\000o\000n\000\040\000a\000n\000d\000\040\000f\000i\000l\000e\000s\000\040\000h\000a\000n\000d\000l\000i\000n\000g}{subsection.12.1}% 48
\BOOKMARK [2][-]{subsection.12.2}{\376\377\000U\000s\000i\000n\000g\000\040\000B\000i\000b\000L\000a\000T\000e\000X\000\040}{section.12}% 49
\BOOKMARK [3][-]{subsubsection.12.2.1}{\376\377\000C\000o\000m\000m\000a\000n\000d\000s\000,\000\040\000c\000i\000t\000e\000,\000\040\000b\000i\000b\000l\000i\000o\000g\000r\000a\000p\000h\000y\000\040\000g\000e\000n\000e\000r\000a\000t\000i\000o\000n\000\040\000a\000n\000d\000\040\000f\000i\000l\000e\000s\000\040\000h\000a\000n\000d\000l\000i\000n\000g}{subsection.12.2}% 50
\BOOKMARK [3][-]{subsubsection.12.2.2}{\376\377\000I\000n\000d\000i\000v\000i\000d\000u\000a\000l\000\040\000c\000h\000a\000p\000t\000e\000r\000s\000\040\000b\000i\000b\000l\000i\000o\000g\000r\000a\000p\000h\000y\000\040\000\050\000m\000u\000l\000t\000i\000p\000l\000e\000\051}{subsection.12.2}% 51
\BOOKMARK [2][-]{subsection.12.3}{\376\377\000S\000p\000e\000c\000i\000a\000l\000i\000z\000a\000t\000i\000o\000n\000\040\000s\000p\000e\000c\000i\000f\000i\000c\000\040\000b\000i\000b\000l\000i\000o\000g\000r\000a\000p\000h\000y\000\040\040\024\000\040\000A\000S\000A\000B\000E\000\040\000a\000n\000d\000\040\000I\000E\000E\000E\000\040\000e\000x\000a\000m\000p\000l\000e\000s}{section.12}% 52
\BOOKMARK [1][-]{section.13}{\376\377\000A\000p\000p\000e\000n\000d\000i\000x}{}% 53
\BOOKMARK [2][-]{subsection.13.1}{\376\377\000S\000i\000n\000g\000l\000e\000\040\000a\000n\000d\000\040\000m\000u\000l\000t\000i\000p\000l\000e\000\040\000n\000a\000m\000e\000d\000\040\000a\000p\000p\000e\000n\000d\000i\000c\000e\000s}{section.13}% 54
\BOOKMARK [2][-]{subsection.13.2}{\376\377\000A\000p\000p\000e\000n\000d\000i\000x\000\040\000f\000i\000g\000u\000r\000e\000s\000\040\000a\000n\000d\000\040\000t\000a\000b\000l\000e\000s}{section.13}% 55
\BOOKMARK [2][-]{subsection.13.3}{\376\377\000C\000l\000o\000s\000i\000n\000g\000\040\000a\000p\000p\000e\000n\000d\000i\000c\000e\000s\000\040\000a\000n\000d\000\040\000c\000r\000e\000a\000t\000i\000n\000g\000\040\000T\000O\000C\000,\000\040\000L\000O\000A\000T\000,\000\040\000a\000n\000d\000\040\000L\000O\000A\000F}{section.13}% 56
\BOOKMARK [1][-]{section.14}{\376\377\000A\000d\000d\000i\000t\000i\000o\000n\000a\000l\000\040\000I\000n\000f\000o\000r\000m\000a\000t\000i\000o\000n\000\040\000I\000\040\040\024\000\040\000S\000p\000e\000c\000i\000a\000l\000\040\000C\000o\000m\000m\000a\000n\000d\000s}{}% 57
\BOOKMARK [2][-]{subsection.14.1}{\376\377\000W\000h\000o\000l\000e\000\040\000d\000o\000c\000u\000m\000e\000n\000t\000\040\000t\000e\000x\000t\000\040\000s\000p\000a\000c\000i\000n\000g}{section.14}% 58
\BOOKMARK [2][-]{subsection.14.2}{\376\377\000T\000a\000b\000l\000e\000s\000:\000\040\000A\000d\000v\000a\000n\000c\000e\000d\000\040\000c\000o\000m\000m\000a\000n\000d\000s}{section.14}% 59
\BOOKMARK [3][-]{subsubsection.14.2.1}{\376\377\000T\000a\000b\000l\000e\000\040\000r\000o\000w\000\040\000s\000p\000a\000c\000i\000n\000g\000\040\000a\000n\000d\000\040\000f\000o\000n\000t\000s}{subsection.14.2}% 60
\BOOKMARK [3][-]{subsubsection.14.2.2}{\376\377\000L\000a\000n\000d\000s\000c\000a\000p\000e\000\040\000t\000a\000b\000l\000e\000s}{subsection.14.2}% 61
\BOOKMARK [3][-]{subsubsection.14.2.3}{\376\377\000L\000o\000n\000g\000\040\000t\000a\000b\000l\000e\000s}{subsection.14.2}% 62
\BOOKMARK [3][-]{subsubsection.14.2.4}{\376\377\000L\000a\000n\000d\000s\000c\000a\000p\000e\000\040\000l\000o\000n\000g\000\040\000t\000a\000b\000l\000e\000s}{subsection.14.2}% 63
\BOOKMARK [2][-]{subsection.14.3}{\376\377\000F\000i\000g\000u\000r\000e\000s\000:\000\040\000A\000d\000v\000a\000n\000c\000e\000d\000\040\000c\000o\000m\000m\000a\000n\000d\000s}{section.14}% 64
\BOOKMARK [3][-]{subsubsection.14.3.1}{\376\377\000F\000i\000g\000u\000r\000e\000s\000\040\000i\000n\000\040\000s\000e\000p\000a\000r\000a\000t\000e\000\040\000f\000o\000l\000d\000e\000r}{subsection.14.3}% 65
\BOOKMARK [3][-]{subsubsection.14.3.2}{\376\377\000F\000l\000o\000w\000c\000h\000a\000r\000t\000\040\000-\000\040\000t\000i\000k\000z\000\040\000p\000a\000c\000k\000a\000g\000e}{subsection.14.3}% 66
\BOOKMARK [3][-]{subsubsection.14.3.3}{\376\377\000S\000u\000b\000f\000i\000g\000u\000r\000e\000s}{subsection.14.3}% 67
\BOOKMARK [3][-]{subsubsection.14.3.4}{\376\377\000L\000a\000n\000d\000s\000c\000a\000p\000e\000\040\000s\000u\000b\000f\000i\000g\000u\000r\000e\000s}{subsection.14.3}% 68
\BOOKMARK [3][-]{subsubsection.14.3.5}{\376\377\000M\000u\000l\000t\000i\000p\000l\000e\000\040\000p\000a\000g\000e\000\040\000s\000u\000b\000f\000i\000g\000u\000r\000e\000s}{subsection.14.3}% 69
\BOOKMARK [2][-]{subsection.14.4}{\376\377\000C\000h\000e\000m\000i\000c\000a\000l\000\040\000s\000y\000m\000b\000o\000l\000s}{section.14}% 70
\BOOKMARK [2][-]{subsection.14.5}{\376\377\000A\000n\000n\000o\000t\000a\000t\000i\000o\000n\000\040\000c\000o\000m\000m\000a\000n\000d\000s}{section.14}% 71
\BOOKMARK [2][-]{subsection.14.6}{\376\377\000C\000l\000e\000v\000e\000r\000\040\000r\000e\000f\000e\000r\000e\000n\000c\000e\000\040\040\024\000\040\000c\000r\000o\000s\000s\000-\000r\000e\000f\000e\000r\000e\000n\000c\000i\000n\000g\000\040\000i\000t\000e\000m\000s\000\040\000a\000n\000d\000\040\000l\000a\000b\000e\000l\000s}{section.14}% 72
\BOOKMARK [2][-]{subsection.14.7}{\376\377\000B\000i\000b\000l\000i\000o\000g\000r\000a\000p\000h\000y\000\040\000c\000o\000m\000p\000i\000l\000a\000t\000i\000o\000n\000\040\000i\000s\000s\000u\000e\000s}{section.14}% 73
\BOOKMARK [2][-]{subsection.14.8}{\376\377\000P\000r\000o\000p\000e\000r\000\040\000d\000e\000v\000e\000l\000o\000p\000m\000e\000n\000t\000\040\000o\000f\000\040\000b\000i\000b\000l\000i\000o\000g\000r\000a\000p\000h\000y\000\040\000b\000i\000b\000\040\000f\000i\000l\000e}{section.14}% 74
\BOOKMARK [2][-]{subsection.14.9}{\376\377\000T\000e\000m\000p\000o\000r\000a\000r\000y\000\040\000e\000n\000d\000i\000n\000g}{section.14}% 75
\BOOKMARK [2][-]{subsection.14.10}{\376\377\000S\000p\000a\000c\000i\000n\000g\000\040\000a\000d\000j\000u\000s\000t\000m\000e\000n\000t\000\040\000a\000r\000o\000u\000n\000d\000\040\000n\000o\000n\000-\000t\000e\000x\000t\000u\000a\000l\000\040\000e\000l\000e\000m\000e\000n\000t\000s}{section.14}% 76
\BOOKMARK [2][-]{subsection.14.11}{\376\377\000L\000i\000n\000e\000\040\000n\000u\000m\000b\000e\000r\000s\000\040\000f\000o\000r\000\040\000t\000h\000e\000\040\000w\000h\000o\000l\000e\000\040\000d\000o\000c\000u\000m\000e\000n\000t}{section.14}% 77
\BOOKMARK [2][-]{subsection.14.12}{\376\377\000C\000h\000a\000p\000t\000e\000r\000\040\000s\000t\000y\000l\000e\000s}{section.14}% 78
\BOOKMARK [2][-]{subsection.14.13}{\376\377\000C\000h\000a\000p\000t\000e\000r\000s\000\040\000a\000s\000\040\000i\000n\000d\000i\000v\000i\000d\000u\000a\000l\000\040\000f\000i\000l\000e\000s}{section.14}% 79
\BOOKMARK [2][-]{subsection.14.14}{\376\377\000C\000h\000a\000p\000t\000e\000r\000s\000\040\000a\000s\000\040\000s\000u\000b\000f\000i\000l\000e\000s}{section.14}% 80
\BOOKMARK [2][-]{subsection.14.15}{\376\377\000D\000e\000f\000i\000n\000i\000n\000g\000\040\000a\000n\000d\000\040\000u\000s\000i\000n\000g\000\040\000s\000p\000e\000c\000i\000f\000i\000c\000\040\000c\000o\000m\000m\000a\000n\000d\000s\000,\000\040\000e\000n\000v\000i\000r\000o\000n\000m\000e\000n\000t\000s\000,\000\040\000a\000n\000d\000\040\000p\000a\000c\000k\000a\000g\000e\000s}{section.14}% 81
\BOOKMARK [2][-]{subsection.14.16}{\376\377\000T\000h\000e\000s\000i\000s\000\040\000t\000o\000\040\000j\000o\000u\000r\000n\000a\000l\000\040\000a\000r\000t\000i\000c\000l\000e\000\040\000c\000o\000n\000v\000e\000r\000s\000i\000o\000n\000\040\000f\000o\000r\000\040\000s\000u\000b\000m\000i\000s\000s\000i\000o\000n}{section.14}% 82
\BOOKMARK [2][-]{subsection.14.17}{\376\377\000A\000d\000v\000a\000n\000c\000e\000d\000\040\000o\000p\000t\000i\000o\000n\000s}{section.14}% 83
\BOOKMARK [2][-]{subsection.14.18}{\376\377\000L\000i\000m\000i\000t\000a\000t\000i\000o\000n\000s\000\040\000o\000f\000\040\000t\000h\000e\000\040\000c\000l\000a\000s\000s}{section.14}% 84
\BOOKMARK [1][-]{section.15}{\376\377\000A\000d\000d\000i\000t\000i\000o\000n\000a\000l\000\040\000I\000n\000f\000o\000r\000m\000a\000t\000i\000o\000n\000\040\000I\000I\000\040\040\024\000\040\000S\000o\000m\000e\000\040\000T\000i\000p\000s\000\040\000F\000o\000r\000\040\000C\000u\000s\000t\000o\000m\000i\000z\000a\000t\000i\000o\000n}{}% 85
\BOOKMARK [2][-]{subsection.15.1}{\376\377\000G\000e\000n\000e\000r\000a\000l\000\040\000s\000u\000g\000g\000e\000s\000t\000i\000o\000n\000s}{section.15}% 86
\BOOKMARK [2][-]{subsection.15.2}{\376\377\000V\000o\000i\000c\000e\000\040\000o\000f\000\040\000t\000h\000e\000\040\000T\000e\000X\000\040\000a\000n\000d\000\040\000L\000a\000T\000e\000X\000\040\000d\000e\000v\000e\000l\000o\000p\000e\000r\000s\000!}{section.15}% 87
\BOOKMARK [1][-]{section*.8}{\376\377\000A\000c\000k\000n\000o\000w\000l\000e\000d\000g\000e\000m\000e\000n\000t\000s}{}% 88
\BOOKMARK [1][-]{section*.9}{\376\377\000I\000n\000d\000e\000x}{}% 89
