\BOOKMARK [0][-]{chapter*.1}{\376\377\000A\000B\000S\000T\000R\000A\000C\000T}{}% 1
\BOOKMARK [0][-]{chapter*.2}{\376\377\000A\000C\000K\000N\000O\000W\000L\000E\000D\000G\000E\000M\000E\000N\000T\000S}{}% 2
\BOOKMARK [0][-]{chapter*.3}{\376\377\000D\000E\000D\000I\000C\000A\000T\000I\000O\000N}{}% 3
\BOOKMARK [0][-]{chapter*.4}{\376\377\000P\000R\000E\000F\000A\000C\000E}{}% 4
\BOOKMARK [0][-]{chapter*.6}{\376\377\000L\000I\000S\000T\000\040\000O\000F\000\040\000A\000B\000B\000R\000E\000V\000I\000A\000T\000I\000O\000N\000S}{}% 5
\BOOKMARK [0][-]{chapter*.7}{\376\377\000L\000I\000S\000T\000\040\000O\000F\000\040\000S\000Y\000M\000B\000O\000L\000S}{}% 6
\BOOKMARK [0][-]{chapter.1}{\376\377\000T\000h\000e\000\040\000F\000i\000r\000s\000t\000\040\000C\000h\000a\000p\000t\000e\000r\000\040\000-\000\040\000P\000a\000p\000e\000r\000\040\000S\000t\000y\000l\000e\000\040\000-\000\040\000L\000o\000n\000g\000\040\000t\000i\000t\000l\000e\000\040\000o\000f\000\040\000t\000h\000i\000s\000\040\000t\000e\000c\000h\000n\000i\000c\000a\000l\000\040\000p\000a\000p\000e\000r}{}% 7
\BOOKMARK [1][-]{section.1.1}{\376\377\000A\000b\000s\000t\000r\000a\000c\000t\0001\0001}{chapter.1}% 8
\BOOKMARK [1][-]{section.1.2}{\376\377\000S\000e\000c\000t\000i\000o\000n\0001\0002}{chapter.1}% 9
\BOOKMARK [1][-]{section.1.3}{\376\377\000S\000e\000c\000t\000i\000o\000n\0001\0003}{chapter.1}% 10
\BOOKMARK [2][-]{subsection.1.3.1}{\376\377\000S\000u\000b\000s\000e\000c\000t\000i\000o\000n\0001\0003\0001}{section.1.3}% 11
\BOOKMARK [1][-]{section.1.4}{\376\377\000T\000a\000b\000l\000e\000\040\000a\000n\000d\000\040\000F\000i\000g\000u\000r\000e}{chapter.1}% 12
\BOOKMARK [0][-]{chapter.2}{\376\377\000T\000h\000e\000\040\000S\000e\000c\000o\000n\000d\000\040\000C\000h\000a\000p\000t\000e\000r\000\040\000-\000\040\000R\000e\000g\000u\000l\000a\000r\000\040\000S\000t\000y\000l\000e\000\040\000-\000\040\000L\000o\000n\000g\000\040\000t\000i\000t\000l\000e\000\040\000f\000o\000r\000\040\000t\000h\000i\000s\000\040\000c\000h\000a\000p\000t\000e\000r}{}% 13
\BOOKMARK [1][-]{section.2.1}{\376\377\000E\000x\000c\000e\000l\000l\000e\000n\000t\000\040\000R\000e\000s\000u\000l\000t\000s}{chapter.2}% 14
\BOOKMARK [2][-]{subsection.2.1.1}{\376\377\000M\000i\000n\000o\000r\000\040\000R\000e\000s\000u\000l\000t\000s}{section.2.1}% 15
\BOOKMARK [1][-]{section.2.2}{\376\377\000S\000o\000m\000e\000\040\000R\000e\000f\000e\000r\000e\000n\000c\000e\000s}{chapter.2}% 16
\BOOKMARK [0][-]{section*.12}{\376\377\000R\000E\000F\000E\000R\000E\000N\000C\000E\000S}{}% 17
\BOOKMARK [0][-]{chapter*.13}{\376\377\000R\000E\000F\000E\000R\000E\000N\000C\000E\000S}{}% 18
\BOOKMARK [0][-]{chapter*.14}{\376\377\000A\000P\000P\000E\000N\000D\000I\000X\000\040\000A\000.\000\040\000N\000a\000m\000e\000d\000\040\000f\000i\000r\000s\000t\000\040\000a\000p\000p\000e\000n\000d\000i\000x}{}% 19
\BOOKMARK [1][-]{section.2.1}{\376\377\000A\000p\000p\000e\000n\000d\000i\000x\000\040\000A\000\040\000-\000\040\000S\000e\000c\000t\000i\000o\000n\000\040\000W\000i\000t\000h\000\040\000F\000i\000g\000u\000r\000e}{chapter*.14}% 20
\BOOKMARK [1][-]{section.2.2}{\376\377\000A\000p\000p\000e\000n\000d\000i\000x\000\040\000A\000\040\000-\000\040\000S\000e\000c\000t\000i\000o\000n\000\040\000W\000i\000t\000h\000\040\000T\000a\000b\000l\000e}{chapter*.14}% 21
\BOOKMARK [2][-]{subsection.2.2.1}{\376\377\000A\000p\000p\000e\000n\000d\000i\000x\000\040\000A\000\040\000S\000u\000b\000s\000e\000c\000t\000i\000o\000n}{section.2.2}% 22
\BOOKMARK [0][-]{chapter*.17}{\376\377\000A\000P\000P\000E\000N\000D\000I\000X\000\040\000B\000.\000\040\000N\000a\000m\000e\000d\000\040\000s\000e\000c\000o\000n\000d\000\040\000a\000p\000p\000e\000n\000d\000i\000x}{}% 23
\BOOKMARK [1][-]{section.2.1}{\376\377\000A\000p\000p\000e\000n\000d\000i\000x\000\040\000B\000\040\000-\000\040\000S\000e\000c\000t\000i\000o\000n\000\040\000W\000i\000t\000h\000\040\000F\000i\000g\000u\000r\000e}{chapter*.17}% 24
\BOOKMARK [1][-]{section.2.2}{\376\377\000A\000p\000p\000e\000n\000d\000i\000x\000\040\000B\000\040\000-\000\040\000S\000e\000c\000t\000i\000o\000n\000\040\000W\000i\000t\000h\000\040\000T\000a\000b\000l\000e}{chapter*.17}% 25
\BOOKMARK [2][-]{subsection.2.2.1}{\376\377\000N\000o\000n\000-\000c\000o\000n\000v\000e\000n\000t\000i\000o\000n\000a\000l\000\040\000S\000I\000\040\000U\000n\000i\000t\000s}{section.2.2}% 26
\BOOKMARK [2][-]{subsection.2.2.2}{\376\377\000A\000p\000p\000e\000n\000d\000i\000x\000\040\000B\000\040\000S\000u\000b\000s\000e\000c\000t\000i\000o\000n}{section.2.2}% 27
